<?xml version="1.0" encoding="UTF-8"?>
<!-- Generated by org.testng.reporters.JUnitXMLReporter -->
<testsuite ignored="0" hostname="ibm-yogeshchaudhary" failures="0" tests="4" name="Surefire test" time="14.932" errors="0" timestamp="2023-12-31T21:04:41 IST">
  <testcase classname="api.test.UsersTest" name="testPostUser" time="3.75"/>
  <testcase classname="api.test.UsersTest" name="testReadUserData" time="2.64"/>
  <testcase classname="api.test.UsersTest" name="testUpdateUserData" time="3.74"/>
  <testcase classname="api.test.UsersTest" name="testDeletionUserData" time="4.351"/>
</testsuite> <!-- Surefire test -->
