<?xml version="1.0" encoding="UTF-8"?>
<!-- Generated by org.testng.reporters.JUnitXMLReporter -->
<testsuite ignored="0" hostname="ibm-yogeshchaudhary" failures="0" tests="4" name="Default test" time="18.027" errors="0" timestamp="2023-12-27T20:20:36 IST">
  <testcase classname="api.test.UsersTest" name="testPostUser" time="3.028"/>
  <testcase classname="api.test.UsersTest" name="testReadUserData" time="2.125"/>
  <testcase classname="api.test.UsersTest" name="testUpdateUserData" time="5.508"/>
  <testcase classname="api.test.UsersTest" name="testDeletionUserData" time="7.215"/>
</testsuite> <!-- Default test -->
