<?xml version="1.0" encoding="UTF-8"?>
<!-- Generated by org.testng.reporters.JUnitXMLReporter -->
<testsuite ignored="0" hostname="ibm-yogeshchaudhary" failures="0" tests="4" name="Test" time="13.751" errors="0" timestamp="2024-01-01T19:27:53 IST">
  <testcase classname="api.test.UsersTest" name="testPostUser" time="2.886"/>
  <testcase classname="api.test.UsersTest" name="testReadUserData" time="1.983"/>
  <testcase classname="api.test.UsersTest" name="testUpdateUserData" time="4.782"/>
  <testcase classname="api.test.UsersTest" name="testDeletionUserData" time="3.923"/>
</testsuite> <!-- Test -->
