<?xml version="1.0" encoding="UTF-8"?>
<testsuite xmlns:xsi="http://www.w3.org/2001/XMLSchema-instance" xsi:noNamespaceSchemaLocation="https://maven.apache.org/surefire/maven-surefire-plugin/xsd/surefire-test-report-3.0.xsd" version="3.0" name="TestSuite" time="16.082" tests="4" errors="0" skipped="0" failures="0">
  <properties>
[...]
</properties>
  <testcase name="testPostUser" classname="api.test.UsersTest" time="3.796">
    <system-out><![CDATA[[INFO ] 2023-12-31 21:04:26.484 [main] UsersTest - ********** Request BOdy ***********

[INFO ] 2023-12-31 21:04:26.486 [main] UsersTest - {
  "id" : 296234255,
  "username" : "james.adams",
  "firstName" : "Aldo",
  "lastName" : "Ziemann",
  "email" : "kendal.crooks@example.com",
  "password" : "1dot07",
  "phone" : "231-447-4832",
  "userStatus" : 0
}
[INFO ] 2023-12-31 21:04:26.519 [main] UsersTest - ********** Creating User ***********

[INFO ] 2023-12-31 21:04:30.185 [main] UsersTest - Response Header: - Date=Sun, 31 Dec 2023 15:34:30 GMT
Content-Type=application/json
Transfer-Encoding=chunked
Connection=keep-alive
Access-Control-Allow-Origin=*
Access-Control-Allow-Methods=GET, POST, DELETE, PUT
Access-Control-Allow-Headers=Content-Type, api_key, Authorization
Server=Jetty(9.2.9.v20150224)
[INFO ] 2023-12-31 21:04:30.219 [main] UsersTest - Response body: - {
    "code": 200,
    "type": "unknown",
    "message": "296234255"
}
[INFO ] 2023-12-31 21:04:30.220 [main] UsersTest - status code: - HTTP/1.1 200 OK
[INFO ] 2023-12-31 21:04:30.222 [main] UsersTest - Response time: - 2835
[INFO ] 2023-12-31 21:04:30.223 [main] UsersTest - Session id: - null
]]></system-out>
    <system-err><![CDATA[SLF4J: Failed to load class "org.slf4j.impl.StaticLoggerBinder".
SLF4J: Defaulting to no-operation (NOP) logger implementation
SLF4J: See http://www.slf4j.org/codes.html#StaticLoggerBinder for further details.
]]></system-err>
  </testcase>
  <testcase name="testReadUserData" classname="api.test.UsersTest" time="2.641">
    <system-out><![CDATA[[INFO ] 2023-12-31 21:04:30.294 [main] UsersTest - ********** Reading User info ***********

[INFO ] 2023-12-31 21:04:32.722 [main] UsersTest - Response Header: - Date=Sun, 31 Dec 2023 15:34:33 GMT
Content-Type=application/json
Transfer-Encoding=chunked
Connection=keep-alive
Access-Control-Allow-Origin=*
Access-Control-Allow-Methods=GET, POST, DELETE, PUT
Access-Control-Allow-Headers=Content-Type, api_key, Authorization
Server=Jetty(9.2.9.v20150224)
[INFO ] 2023-12-31 21:04:32.724 [main] UsersTest - Response body: - {
    "id": 296234255,
    "username": "james.adams",
    "firstName": "Aldo",
    "lastName": "Ziemann",
    "email": "kendal.crooks@example.com",
    "password": "1dot07",
    "phone": "231-447-4832",
    "userStatus": 0
}
[INFO ] 2023-12-31 21:04:32.724 [main] UsersTest - status code: - HTTP/1.1 200 OK
[INFO ] 2023-12-31 21:04:32.724 [main] UsersTest - Response time: - 2410
[INFO ] 2023-12-31 21:04:32.724 [main] UsersTest - Session id: - null
]]></system-out>
  </testcase>
  <testcase name="testUpdateUserData" classname="api.test.UsersTest" time="3.743">
    <system-out><![CDATA[[INFO ] 2023-12-31 21:04:32.936 [main] UsersTest - ********** Updating User info ***********

[INFO ] 2023-12-31 21:04:34.946 [main] UsersTest - Response Header: - Date=Sun, 31 Dec 2023 15:34:35 GMT
Content-Type=application/json
Transfer-Encoding=chunked
Connection=keep-alive
Access-Control-Allow-Origin=*
Access-Control-Allow-Methods=GET, POST, DELETE, PUT
Access-Control-Allow-Headers=Content-Type, api_key, Authorization
Server=Jetty(9.2.9.v20150224)
[INFO ] 2023-12-31 21:04:34.947 [main] UsersTest - Response body: - {
    "code": 200,
    "type": "unknown",
    "message": "296234255"
}
[INFO ] 2023-12-31 21:04:34.947 [main] UsersTest - status code: - HTTP/1.1 200 OK
[INFO ] 2023-12-31 21:04:34.947 [main] UsersTest - Response time: - 2000
[INFO ] 2023-12-31 21:04:34.949 [main] UsersTest - Session id: - null
[INFO ] 2023-12-31 21:04:34.949 [main] UsersTest - ********** Reading the Updated User info ***********

[INFO ] 2023-12-31 21:04:36.670 [main] UsersTest - Response Header: - Date=Sun, 31 Dec 2023 15:34:37 GMT
Content-Type=application/json
Transfer-Encoding=chunked
Connection=keep-alive
Access-Control-Allow-Origin=*
Access-Control-Allow-Methods=GET, POST, DELETE, PUT
Access-Control-Allow-Headers=Content-Type, api_key, Authorization
Server=Jetty(9.2.9.v20150224)
[INFO ] 2023-12-31 21:04:36.672 [main] UsersTest - Response body: - {
    "id": 296234255,
    "username": "james.adams",
    "firstName": "Eleni",
    "lastName": "McKenzie",
    "email": "nobuko.hudson@example.com",
    "password": "1dot07",
    "phone": "231-447-4832",
    "userStatus": 0
}
[INFO ] 2023-12-31 21:04:36.673 [main] UsersTest - status code: - HTTP/1.1 200 OK
[INFO ] 2023-12-31 21:04:36.673 [main] UsersTest - Response time: - 1708
[INFO ] 2023-12-31 21:04:36.673 [main] UsersTest - Session id: - null
]]></system-out>
  </testcase>
  <testcase name="testDeletionUserData" classname="api.test.UsersTest" time="4.353">
    <system-out><![CDATA[[INFO ] 2023-12-31 21:04:36.679 [main] UsersTest - ********** Deleting the User ***********

[INFO ] 2023-12-31 21:04:38.427 [main] UsersTest - Response Header: - Date=Sun, 31 Dec 2023 15:34:38 GMT
Content-Type=application/json
Transfer-Encoding=chunked
Connection=keep-alive
Access-Control-Allow-Origin=*
Access-Control-Allow-Methods=GET, POST, DELETE, PUT
Access-Control-Allow-Headers=Content-Type, api_key, Authorization
Server=Jetty(9.2.9.v20150224)
[INFO ] 2023-12-31 21:04:38.428 [main] UsersTest - Response body: - {
    "code": 200,
    "type": "unknown",
    "message": "james.adams"
}
[INFO ] 2023-12-31 21:04:38.428 [main] UsersTest - status code: - HTTP/1.1 200 OK
[INFO ] 2023-12-31 21:04:38.428 [main] UsersTest - Response time: - 1740
[INFO ] 2023-12-31 21:04:38.428 [main] UsersTest - Session id: - null
[INFO ] 2023-12-31 21:04:38.433 [main] UsersTest - ********** Reading the deleting User info ***********

[INFO ] 2023-12-31 21:04:40.488 [main] UsersTest - Response Header: - Date=Sun, 31 Dec 2023 15:34:40 GMT
Content-Type=application/json
Transfer-Encoding=chunked
Connection=keep-alive
Access-Control-Allow-Origin=*
Access-Control-Allow-Methods=GET, POST, DELETE, PUT
Access-Control-Allow-Headers=Content-Type, api_key, Authorization
Server=Jetty(9.2.9.v20150224)
[INFO ] 2023-12-31 21:04:40.489 [main] UsersTest - Response body: - {
    "code": 1,
    "type": "error",
    "message": "User not found"
}
[INFO ] 2023-12-31 21:04:40.489 [main] UsersTest - status code: - HTTP/1.1 404 Not Found
[INFO ] 2023-12-31 21:04:40.489 [main] UsersTest - Response time: - 2050
[INFO ] 2023-12-31 21:04:40.489 [main] UsersTest - Session id: - null
]]></system-out>
  </testcase>
</testsuite>