<?xml version="1.0" encoding="UTF-8"?>
<testng-results ignored="0" total="4" passed="4" failed="0" skipped="0">
  <reporter-output>
  </reporter-output>
  <suite started-at="2023-12-31T21:04:26 IST" name="Surefire suite" finished-at="2023-12-31T21:04:41 IST" duration-ms="14932">
    <groups>
    </groups>
    <test started-at="2023-12-31T21:04:26 IST" name="Surefire test" finished-at="2023-12-31T21:04:41 IST" duration-ms="14932">
      <class name="api.test.UsersTest">
        <test-method is-config="true" signature="datasetup()[pri:0, instance:api.test.UsersTest@4593ff34]" started-at="2023-12-31T21:04:26 IST" name="datasetup" finished-at="2023-12-31T21:04:26 IST" duration-ms="364" status="PASS">
          <reporter-output>
          </reporter-output>
        </test-method> <!-- datasetup -->
        <test-method signature="testPostUser()[pri:1, instance:api.test.UsersTest@4593ff34]" started-at="2023-12-31T21:04:26 IST" name="testPostUser" finished-at="2023-12-31T21:04:30 IST" duration-ms="3750" status="PASS">
          <reporter-output>
          </reporter-output>
        </test-method> <!-- testPostUser -->
        <test-method signature="testReadUserData()[pri:2, instance:api.test.UsersTest@4593ff34]" started-at="2023-12-31T21:04:30 IST" name="testReadUserData" finished-at="2023-12-31T21:04:32 IST" duration-ms="2640" status="PASS">
          <reporter-output>
          </reporter-output>
        </test-method> <!-- testReadUserData -->
        <test-method signature="testUpdateUserData()[pri:3, instance:api.test.UsersTest@4593ff34]" started-at="2023-12-31T21:04:32 IST" name="testUpdateUserData" finished-at="2023-12-31T21:04:36 IST" duration-ms="3740" status="PASS">
          <reporter-output>
          </reporter-output>
        </test-method> <!-- testUpdateUserData -->
        <test-method signature="testDeletionUserData()[pri:4, instance:api.test.UsersTest@4593ff34]" started-at="2023-12-31T21:04:36 IST" name="testDeletionUserData" finished-at="2023-12-31T21:04:41 IST" duration-ms="4351" status="PASS">
          <reporter-output>
          </reporter-output>
        </test-method> <!-- testDeletionUserData -->
      </class> <!-- api.test.UsersTest -->
    </test> <!-- Surefire test -->
  </suite> <!-- Surefire suite -->
</testng-results>
