<?xml version="1.0" encoding="UTF-8"?>
<testng-results ignored="0" total="4" passed="4" failed="0" skipped="0">
  <reporter-output>
  </reporter-output>
  <suite started-at="2024-01-01T19:27:39 IST" name="Suite" finished-at="2024-01-01T19:27:52 IST" duration-ms="13751">
    <groups>
    </groups>
    <test started-at="2024-01-01T19:27:39 IST" name="Test" finished-at="2024-01-01T19:27:52 IST" duration-ms="13751">
      <class name="api.test.UsersTest">
        <test-method is-config="true" signature="datasetup()[pri:0, instance:api.test.UsersTest@53bf7094]" started-at="2024-01-01T19:27:39 IST" name="datasetup" finished-at="2024-01-01T19:27:39 IST" duration-ms="136" status="PASS">
          <reporter-output>
          </reporter-output>
        </test-method> <!-- datasetup -->
        <test-method signature="testPostUser()[pri:1, instance:api.test.UsersTest@53bf7094]" started-at="2024-01-01T19:27:39 IST" name="testPostUser" finished-at="2024-01-01T19:27:42 IST" duration-ms="2886" status="PASS">
          <reporter-output>
          </reporter-output>
        </test-method> <!-- testPostUser -->
        <test-method signature="testReadUserData()[pri:2, instance:api.test.UsersTest@53bf7094]" started-at="2024-01-01T19:27:42 IST" name="testReadUserData" finished-at="2024-01-01T19:27:44 IST" duration-ms="1983" status="PASS">
          <reporter-output>
          </reporter-output>
        </test-method> <!-- testReadUserData -->
        <test-method signature="testUpdateUserData()[pri:3, instance:api.test.UsersTest@53bf7094]" started-at="2024-01-01T19:27:44 IST" name="testUpdateUserData" finished-at="2024-01-01T19:27:48 IST" duration-ms="4782" status="PASS">
          <reporter-output>
          </reporter-output>
        </test-method> <!-- testUpdateUserData -->
        <test-method signature="testDeletionUserData()[pri:4, instance:api.test.UsersTest@53bf7094]" started-at="2024-01-01T19:27:48 IST" name="testDeletionUserData" finished-at="2024-01-01T19:27:52 IST" duration-ms="3923" status="PASS">
          <reporter-output>
          </reporter-output>
        </test-method> <!-- testDeletionUserData -->
      </class> <!-- api.test.UsersTest -->
    </test> <!-- Test -->
  </suite> <!-- Suite -->
</testng-results>
