<?xml version="1.0" encoding="UTF-8"?>
<testng-results ignored="0" total="4" passed="4" failed="0" skipped="0">
  <reporter-output>
  </reporter-output>
  <suite started-at="2023-12-28T07:34:58 IST" name="Suite" finished-at="2023-12-28T07:35:18 IST" duration-ms="20110">
    <groups>
    </groups>
    <test started-at="2023-12-28T07:34:58 IST" name="Test" finished-at="2023-12-28T07:35:18 IST" duration-ms="20110">
      <class name="api.test.UsersTest">
        <test-method is-config="true" signature="datasetup()[pri:0, instance:api.test.UsersTest@18a3962d]" started-at="2023-12-28T07:34:58 IST" name="datasetup" finished-at="2023-12-28T07:34:58 IST" duration-ms="136" status="PASS">
          <reporter-output>
          </reporter-output>
        </test-method> <!-- datasetup -->
        <test-method signature="testPostUser()[pri:1, instance:api.test.UsersTest@18a3962d]" started-at="2023-12-28T07:34:58 IST" name="testPostUser" finished-at="2023-12-28T07:35:05 IST" duration-ms="6108" status="PASS">
          <reporter-output>
          </reporter-output>
        </test-method> <!-- testPostUser -->
        <test-method signature="testReadUserData()[pri:2, instance:api.test.UsersTest@18a3962d]" started-at="2023-12-28T07:35:05 IST" name="testReadUserData" finished-at="2023-12-28T07:35:07 IST" duration-ms="2288" status="PASS">
          <reporter-output>
          </reporter-output>
        </test-method> <!-- testReadUserData -->
        <test-method signature="testUpdateUserData()[pri:3, instance:api.test.UsersTest@18a3962d]" started-at="2023-12-28T07:35:07 IST" name="testUpdateUserData" finished-at="2023-12-28T07:35:12 IST" duration-ms="5425" status="PASS">
          <reporter-output>
          </reporter-output>
        </test-method> <!-- testUpdateUserData -->
        <test-method signature="testDeletionUserData()[pri:4, instance:api.test.UsersTest@18a3962d]" started-at="2023-12-28T07:35:12 IST" name="testDeletionUserData" finished-at="2023-12-28T07:35:18 IST" duration-ms="6120" status="PASS">
          <reporter-output>
          </reporter-output>
        </test-method> <!-- testDeletionUserData -->
      </class> <!-- api.test.UsersTest -->
    </test> <!-- Test -->
  </suite> <!-- Suite -->
</testng-results>
